2024-04-02 23:07:24 [info]: fetch data successs
2024-04-02 23:12:41 [info]: fetch data successs
2024-04-03 00:11:27 [info]: fetch data successs
2024-04-03 01:23:50 [info]: fetch data successs
2024-04-03 01:23:57 [info]: fetch data successs
2024-04-04 00:45:11 [info]: fetch data successs
2024-04-04 00:52:20 [info]: fetch data successs
2024-04-04 00:52:52 [info]: fetch data successs
2024-04-04 00:58:30 [info]: fetch data successs
2024-04-04 00:59:25 [info]: fetch data successs
2024-04-04 01:10:37 [info]: fetch data successs
2024-04-04 01:23:37 [info]: fetch data successs
2024-04-04 01:24:15 [info]: fetch data successs
2024-04-04 01:24:50 [info]: fetch data successs
2024-04-04 01:25:06 [info]: fetch data successs
2024-04-04 01:25:12 [info]: fetch data successs
2024-04-04 01:26:05 [info]: fetch data successs
2024-04-04 01:32:06 [info]: fetch data successs
2024-04-04 01:33:38 [info]: fetch data successs
2024-04-04 01:36:05 [info]: fetch data successs
2024-04-04 01:37:28 [info]: fetch data successs
2024-04-04 01:41:30 [info]: fetch data successs
2024-04-04 01:41:30 [info]: fetch data successs
2024-04-04 01:42:20 [info]: fetch data successs
2024-04-04 01:42:20 [info]: fetch data successs
2024-04-04 01:43:00 [info]: fetch data successs
2024-04-04 01:43:00 [info]: fetch data successs
2024-04-04 21:58:02 [info]: fetch data successs
2024-04-04 21:58:22 [info]: fetch data successs
2024-04-04 21:58:22 [info]: fetch data successs
2024-04-04 22:15:39 [info]: fetch data successs
2024-04-04 22:15:39 [info]: fetch data successs
2024-04-04 22:15:47 [info]: fetch data successs
2024-04-04 22:15:47 [info]: fetch data successs
2024-04-04 22:15:47 [error]: Error in updating user info MongoServerError: Plan executor error during findAndModify :: caused by :: Performing an update on the path '_id' would modify the immutable field '_id'
2024-04-04 22:16:55 [info]: fetch data successs
2024-04-04 22:16:55 [info]: fetch data successs
2024-04-04 22:16:55 [error]: Error in updating user info MongoServerError: Plan executor error during findAndModify :: caused by :: Performing an update on the path '_id' would modify the immutable field '_id'
2024-04-04 22:20:21 [info]: fetch data successs
2024-04-04 22:20:21 [info]: fetch data successs
2024-04-04 22:21:09 [info]: fetch data successs
2024-04-04 22:21:09 [info]: fetch data successs
2024-04-04 22:23:02 [info]: fetch data successs
2024-04-04 22:23:02 [info]: fetch data successs
2024-04-04 22:23:02 [error]: Error in updating user info MongoServerError: Plan executor error during findAndModify :: caused by :: Performing an update on the path '_id' would modify the immutable field '_id'
2024-04-04 22:23:35 [info]: fetch data successs
2024-04-04 22:23:35 [info]: fetch data successs
2024-04-04 22:23:35 [error]: Error in updating user info MongoServerError: Performing an update on the path '_id' would modify the immutable field '_id'
2024-04-04 22:27:55 [info]: fetch data successs
2024-04-04 22:27:55 [info]: fetch data successs
2024-04-04 22:28:16 [info]: fetch data successs
2024-04-04 22:28:16 [info]: fetch data successs
2024-04-21 09:55:36 [error]: Error in MongoDb connection: MongoServerSelectionError: Client network socket disconnected before secure TLS connection was established
2024-04-21 09:56:06 [error]: Error in MongoDb connection: MongoServerSelectionError: Client network socket disconnected before secure TLS connection was established
2024-04-21 09:56:36 [error]: Error in MongoDb connection: MongoServerSelectionError: Client network socket disconnected before secure TLS connection was established
2024-04-21 09:57:06 [error]: Error in MongoDb connection: MongoServerSelectionError: Client network socket disconnected before secure TLS connection was established
2024-04-21 09:57:36 [error]: Error in MongoDb connection: MongoServerSelectionError: Client network socket disconnected before secure TLS connection was established
2024-04-21 09:58:06 [error]: Error in MongoDb connection: MongoServerSelectionError: Client network socket disconnected before secure TLS connection was established
2024-04-21 09:58:36 [error]: Error in MongoDb connection: MongoServerSelectionError: Client network socket disconnected before secure TLS connection was established
2024-04-21 09:59:06 [error]: Error in MongoDb connection: MongoServerSelectionError: Client network socket disconnected before secure TLS connection was established
2024-04-21 09:59:37 [error]: Error in MongoDb connection: MongoServerSelectionError: Client network socket disconnected before secure TLS connection was established
2024-04-21 10:00:07 [error]: Error in MongoDb connection: MongoServerSelectionError: Client network socket disconnected before secure TLS connection was established
2024-04-21 10:00:37 [error]: Error in MongoDb connection: MongoServerSelectionError: Client network socket disconnected before secure TLS connection was established
2024-04-21 10:01:07 [error]: Error in MongoDb connection: MongoServerSelectionError: Client network socket disconnected before secure TLS connection was established
2024-04-21 10:01:37 [error]: Error in MongoDb connection: MongoServerSelectionError: Client network socket disconnected before secure TLS connection was established
2024-04-21 10:02:07 [error]: Error in MongoDb connection: MongoServerSelectionError: Client network socket disconnected before secure TLS connection was established
2024-04-21 10:02:37 [error]: Error in MongoDb connection: MongoServerSelectionError: Client network socket disconnected before secure TLS connection was established
2024-04-21 10:03:07 [error]: Error in MongoDb connection: MongoServerSelectionError: Client network socket disconnected before secure TLS connection was established
2024-04-21 10:03:57 [error]: Error in MongoDb connection: MongoServerSelectionError: Client network socket disconnected before secure TLS connection was established
2024-04-21 10:04:27 [error]: Error in MongoDb connection: MongoServerSelectionError: Client network socket disconnected before secure TLS connection was established
2024-04-21 10:04:58 [error]: Error in MongoDb connection: MongoServerSelectionError: Client network socket disconnected before secure TLS connection was established
2024-04-21 10:05:28 [error]: Error in MongoDb connection: MongoServerSelectionError: Client network socket disconnected before secure TLS connection was established
2024-04-21 10:05:58 [error]: Error in MongoDb connection: MongoServerSelectionError: Client network socket disconnected before secure TLS connection was established
2024-04-21 10:06:28 [error]: Error in MongoDb connection: MongoServerSelectionError: Client network socket disconnected before secure TLS connection was established
2024-04-21 10:06:58 [error]: Error in MongoDb connection: MongoServerSelectionError: Client network socket disconnected before secure TLS connection was established
2024-04-21 10:07:36 [error]: Error in MongoDb connection: MongoServerSelectionError: Client network socket disconnected before secure TLS connection was established
2024-04-21 10:08:06 [error]: Error in MongoDb connection: MongoServerSelectionError: Client network socket disconnected before secure TLS connection was established
2024-04-21 10:08:36 [error]: Error in MongoDb connection: MongoServerSelectionError: Client network socket disconnected before secure TLS connection was established
2024-04-21 10:09:06 [error]: Error in MongoDb connection: MongoServerSelectionError: Client network socket disconnected before secure TLS connection was established
2024-04-21 10:09:36 [error]: Error in MongoDb connection: MongoServerSelectionError: Client network socket disconnected before secure TLS connection was established
2024-04-21 10:10:06 [error]: Error in MongoDb connection: MongoServerSelectionError: Client network socket disconnected before secure TLS connection was established
2024-04-21 10:10:36 [error]: Error in MongoDb connection: MongoServerSelectionError: Client network socket disconnected before secure TLS connection was established
2024-04-21 10:11:07 [error]: Error in MongoDb connection: MongoServerSelectionError: Client network socket disconnected before secure TLS connection was established
2024-04-21 10:11:37 [error]: Error in MongoDb connection: MongoServerSelectionError: Client network socket disconnected before secure TLS connection was established
2024-04-21 10:12:16 [error]: Error in MongoDb connection: MongoServerSelectionError: Client network socket disconnected before secure TLS connection was established
2024-04-21 10:12:46 [error]: Error in MongoDb connection: MongoServerSelectionError: Client network socket disconnected before secure TLS connection was established
2024-04-21 10:13:16 [error]: Error in MongoDb connection: MongoServerSelectionError: Client network socket disconnected before secure TLS connection was established
2024-04-26 23:53:24 [error]: Error in MongoDb connection: Error: querySrv ETIMEOUT _mongodb._tcp.cluster0.j1reyqx.mongodb.net
2024-04-27 00:37:04 [error]: Error in MongoDb connection: Error: querySrv ETIMEOUT _mongodb._tcp.cluster0.j1reyqx.mongodb.net
2024-05-04 09:57:28 [error]: Error in MongoDb connection: Error: querySrv ETIMEOUT _mongodb._tcp.cluster0.j1reyqx.mongodb.net
2024-05-04 10:14:06 [error]: Error in MongoDb connection: Error: querySrv ETIMEOUT _mongodb._tcp.cluster0.j1reyqx.mongodb.net
